[INFO ] 2022-08-23 02:52:04.934 :     c.w.b.ByteCloneApplication - Starting ByteCloneApplication using Java 11.0.14 on LAPTOP-17DOA69Q with PID 13148 (C:\Users\Junior Koo\Desktop\sparta\7주차\ByteClone-BE\out\production\classes started by Junior Koo in C:\Users\Junior Koo\Desktop\sparta\7주차\ByteClone-BE)
[INFO ] 2022-08-23 02:52:05.081 :     c.w.b.ByteCloneApplication - No active profile set, falling back to 1 default profile: "default"
[INFO ] 2022-08-23 02:52:05.107 :              o.h.v.i.u.Version - HV000001: Hibernate Validator 6.2.4.Final
[INFO ] 2022-08-23 02:52:09.196 : o.s.d.r.c.RepositoryConfigurationDelegate - Bootstrapping Spring Data JPA repositories in DEFAULT mode.
[INFO ] 2022-08-23 02:52:09.857 : o.s.d.r.c.RepositoryConfigurationDelegate - Finished Spring Data repository scanning in 619 ms. Found 2 JPA repository interfaces.
[INFO ] 2022-08-23 02:52:11.777 : o.s.c.s.PostProcessorRegistrationDelegate$BeanPostProcessorChecker - Bean 'credentialsProvider' of type [com.amazonaws.auth.AWSCredentialsProviderChain] is not eligible for getting processed by all BeanPostProcessors (for example: not eligible for auto-proxying)
[INFO ] 2022-08-23 02:52:13.152 :    o.s.b.w.e.t.TomcatWebServer - Tomcat initialized with port(s): 8080 (http)
[INFO ] 2022-08-23 02:52:13.189 :      o.a.c.h.Http11NioProtocol - Initializing ProtocolHandler ["http-nio-8080"]
[INFO ] 2022-08-23 02:52:13.192 :        o.a.c.c.StandardService - Starting service [Tomcat]
[INFO ] 2022-08-23 02:52:13.194 :         o.a.c.c.StandardEngine - Starting Servlet engine: [Apache Tomcat/9.0.65]
[INFO ] 2022-08-23 02:52:13.690 :              o.a.c.c.C.[.[.[/] - Initializing Spring embedded WebApplicationContext
[INFO ] 2022-08-23 02:52:13.691 : o.s.b.w.s.c.ServletWebServerApplicationContext - Root WebApplicationContext: initialization completed in 8205 ms
[INFO ] 2022-08-23 02:52:13.791 :         c.z.h.HikariDataSource - HikariPool-1 - Starting...
[INFO ] 2022-08-23 02:52:15.830 :         c.z.h.HikariDataSource - HikariPool-1 - Start completed.
[INFO ] 2022-08-23 02:52:15.869 : o.s.b.a.h.H2ConsoleAutoConfiguration - H2 console available at '/h2-console'. Database available at 'jdbc:mysql://localhost:3306/news'
[INFO ] 2022-08-23 02:52:16.402 :            o.h.j.i.u.LogHelper - HHH000204: Processing PersistenceUnitInfo [name: default]
[INFO ] 2022-08-23 02:52:16.551 :                    o.h.Version - HHH000412: Hibernate ORM core version 5.6.10.Final
[INFO ] 2022-08-23 02:52:17.022 :                o.h.a.c.Version - HCANN000001: Hibernate Commons Annotations {5.1.2.Final}
[INFO ] 2022-08-23 02:52:17.398 :                  o.h.d.Dialect - HHH000400: Using dialect: org.hibernate.dialect.MySQL8Dialect
[INFO ] 2022-08-23 02:52:19.405 : o.h.e.t.j.p.i.JtaPlatformInitiator - HHH000490: Using JtaPlatform implementation: [org.hibernate.engine.transaction.jta.platform.internal.NoJtaPlatform]
[INFO ] 2022-08-23 02:52:19.422 : o.s.o.j.LocalContainerEntityManagerFactoryBean - Initialized JPA EntityManagerFactory for persistence unit 'default'
[INFO ] 2022-08-23 02:52:22.326 : o.s.s.w.DefaultSecurityFilterChain - Will secure any request with [org.springframework.security.web.session.DisableEncodeUrlFilter@41092c8, org.springframework.security.web.context.request.async.WebAsyncManagerIntegrationFilter@2e590e36, org.springframework.security.web.context.SecurityContextPersistenceFilter@7bdddfa4, org.springframework.security.web.header.HeaderWriterFilter@574e4184, org.springframework.web.filter.CorsFilter@3fc2a1d1, org.springframework.security.web.authentication.logout.LogoutFilter@11ec2b2f, com.whochucompany.byteclone.jwt.JwtAuthenticationFilter@752e4223, org.springframework.security.web.savedrequest.RequestCacheAwareFilter@1d0fc0bc, org.springframework.security.web.servletapi.SecurityContextHolderAwareRequestFilter@2003edf, org.springframework.security.web.authentication.AnonymousAuthenticationFilter@7528089c, org.springframework.security.web.session.SessionManagementFilter@50d6af87, org.springframework.security.web.access.ExceptionTranslationFilter@3ad9fea, org.springframework.security.web.access.intercept.FilterSecurityInterceptor@7e24a2e2]
[INFO ] 2022-08-23 02:52:22.349 : o.s.s.w.DefaultSecurityFilterChain - Will not secure Ant [pattern='/h2-console/**']
[INFO ] 2022-08-23 02:52:23.789 :      o.a.c.h.Http11NioProtocol - Starting ProtocolHandler ["http-nio-8080"]
[INFO ] 2022-08-23 02:52:23.835 :    o.s.b.w.e.t.TomcatWebServer - Tomcat started on port(s): 8080 (http) with context path ''
[INFO ] 2022-08-23 02:52:23.861 :     c.w.b.ByteCloneApplication - Started ByteCloneApplication in 21.966 seconds (JVM running for 30.484)
[INFO ] 2022-08-23 02:58:32.017 :              o.a.c.c.C.[.[.[/] - Initializing Spring DispatcherServlet 'dispatcherServlet'
[INFO ] 2022-08-23 02:58:32.019 :      o.s.w.s.DispatcherServlet - Initializing Servlet 'dispatcherServlet'
[INFO ] 2022-08-23 02:58:32.028 :      o.s.w.s.DispatcherServlet - Completed initialization in 9 ms
[INFO ] 2022-08-23 03:06:24.550 :      c.w.b.s.MemberServiceImpl - msg : koo님 회원가입이 성공
[INFO ] 2022-08-23 03:11:21.974 :          c.w.b.j.TokenProvider - 만료된 JWT 토큰입니다.
[INFO ] 2022-08-23 03:21:36.932 : o.s.o.j.LocalContainerEntityManagerFactoryBean - Closing JPA EntityManagerFactory for persistence unit 'default'
[INFO ] 2022-08-23 03:21:36.937 :         c.z.h.HikariDataSource - HikariPool-1 - Shutdown initiated...
[INFO ] 2022-08-23 03:21:37.372 :         c.z.h.HikariDataSource - HikariPool-1 - Shutdown completed.
[INFO ] 2022-08-23 03:25:27.776 :              o.h.v.i.u.Version - HV000001: Hibernate Validator 6.2.4.Final
[INFO ] 2022-08-23 03:25:27.776 :     c.w.b.ByteCloneApplication - Starting ByteCloneApplication using Java 11.0.14 on LAPTOP-17DOA69Q with PID 11596 (C:\Users\Junior Koo\Desktop\sparta\7주차\ByteClone-BE\out\production\classes started by Junior Koo in C:\Users\Junior Koo\Desktop\sparta\7주차\ByteClone-BE)
[INFO ] 2022-08-23 03:25:27.787 :     c.w.b.ByteCloneApplication - No active profile set, falling back to 1 default profile: "default"
[INFO ] 2022-08-23 03:25:30.964 : o.s.d.r.c.RepositoryConfigurationDelegate - Bootstrapping Spring Data JPA repositories in DEFAULT mode.
[INFO ] 2022-08-23 03:25:31.183 : o.s.d.r.c.RepositoryConfigurationDelegate - Finished Spring Data repository scanning in 191 ms. Found 2 JPA repository interfaces.
[INFO ] 2022-08-23 03:25:31.780 : o.s.c.s.PostProcessorRegistrationDelegate$BeanPostProcessorChecker - Bean 'credentialsProvider' of type [com.amazonaws.auth.AWSCredentialsProviderChain] is not eligible for getting processed by all BeanPostProcessors (for example: not eligible for auto-proxying)
[INFO ] 2022-08-23 03:25:32.404 :    o.s.b.w.e.t.TomcatWebServer - Tomcat initialized with port(s): 8080 (http)
[INFO ] 2022-08-23 03:25:32.417 :      o.a.c.h.Http11NioProtocol - Initializing ProtocolHandler ["http-nio-8080"]
[INFO ] 2022-08-23 03:25:32.418 :        o.a.c.c.StandardService - Starting service [Tomcat]
[INFO ] 2022-08-23 03:25:32.419 :         o.a.c.c.StandardEngine - Starting Servlet engine: [Apache Tomcat/9.0.65]
[INFO ] 2022-08-23 03:25:32.611 :              o.a.c.c.C.[.[.[/] - Initializing Spring embedded WebApplicationContext
[INFO ] 2022-08-23 03:25:32.611 : o.s.b.w.s.c.ServletWebServerApplicationContext - Root WebApplicationContext: initialization completed in 4641 ms
[INFO ] 2022-08-23 03:25:32.651 :         c.z.h.HikariDataSource - HikariPool-1 - Starting...
[INFO ] 2022-08-23 03:25:33.151 :         c.z.h.HikariDataSource - HikariPool-1 - Start completed.
[INFO ] 2022-08-23 03:25:33.171 : o.s.b.a.h.H2ConsoleAutoConfiguration - H2 console available at '/h2-console'. Database available at 'jdbc:mysql://localhost:3306/news'
[INFO ] 2022-08-23 03:25:33.415 :            o.h.j.i.u.LogHelper - HHH000204: Processing PersistenceUnitInfo [name: default]
[INFO ] 2022-08-23 03:25:33.493 :                    o.h.Version - HHH000412: Hibernate ORM core version 5.6.10.Final
[INFO ] 2022-08-23 03:25:33.760 :                o.h.a.c.Version - HCANN000001: Hibernate Commons Annotations {5.1.2.Final}
[INFO ] 2022-08-23 03:25:33.968 :                  o.h.d.Dialect - HHH000400: Using dialect: org.hibernate.dialect.MySQL8Dialect
[INFO ] 2022-08-23 03:25:35.043 : o.h.e.t.j.p.i.JtaPlatformInitiator - HHH000490: Using JtaPlatform implementation: [org.hibernate.engine.transaction.jta.platform.internal.NoJtaPlatform]
[INFO ] 2022-08-23 03:25:35.060 : o.s.o.j.LocalContainerEntityManagerFactoryBean - Initialized JPA EntityManagerFactory for persistence unit 'default'
[INFO ] 2022-08-23 03:25:36.331 : o.s.s.w.DefaultSecurityFilterChain - Will secure any request with [org.springframework.security.web.session.DisableEncodeUrlFilter@397bd46b, org.springframework.security.web.context.request.async.WebAsyncManagerIntegrationFilter@d863bb, org.springframework.security.web.context.SecurityContextPersistenceFilter@69d2c460, org.springframework.security.web.header.HeaderWriterFilter@325236f5, org.springframework.web.filter.CorsFilter@76ebd595, org.springframework.security.web.authentication.logout.LogoutFilter@29ddaa8e, com.whochucompany.byteclone.jwt.JwtAuthenticationFilter@4560eb15, org.springframework.security.web.savedrequest.RequestCacheAwareFilter@3e984100, org.springframework.security.web.servletapi.SecurityContextHolderAwareRequestFilter@13e6c544, org.springframework.security.web.authentication.AnonymousAuthenticationFilter@225fb75e, org.springframework.security.web.session.SessionManagementFilter@73633230, org.springframework.security.web.access.ExceptionTranslationFilter@dc3eda6, org.springframework.security.web.access.intercept.FilterSecurityInterceptor@16257f8c]
[INFO ] 2022-08-23 03:25:36.342 : o.s.s.w.DefaultSecurityFilterChain - Will not secure Ant [pattern='/h2-console/**']
[INFO ] 2022-08-23 03:25:36.832 :      o.a.c.h.Http11NioProtocol - Starting ProtocolHandler ["http-nio-8080"]
[INFO ] 2022-08-23 03:25:36.855 :    o.s.b.w.e.t.TomcatWebServer - Tomcat started on port(s): 8080 (http) with context path ''
[INFO ] 2022-08-23 03:25:36.869 :     c.w.b.ByteCloneApplication - Started ByteCloneApplication in 10.547 seconds (JVM running for 12.905)
[INFO ] 2022-08-23 03:25:52.626 :              o.a.c.c.C.[.[.[/] - Initializing Spring DispatcherServlet 'dispatcherServlet'
[INFO ] 2022-08-23 03:25:52.627 :      o.s.w.s.DispatcherServlet - Initializing Servlet 'dispatcherServlet'
[INFO ] 2022-08-23 03:25:52.631 :      o.s.w.s.DispatcherServlet - Completed initialization in 4 ms
[INFO ] 2022-08-23 03:25:54.449 :      c.w.b.s.MemberServiceImpl - msg : koo님 회원가입이 성공
[INFO ] 2022-08-23 03:47:04.635 : o.s.o.j.LocalContainerEntityManagerFactoryBean - Closing JPA EntityManagerFactory for persistence unit 'default'
[INFO ] 2022-08-23 03:47:04.638 :         c.z.h.HikariDataSource - HikariPool-1 - Shutdown initiated...
[INFO ] 2022-08-23 03:47:04.658 :         c.z.h.HikariDataSource - HikariPool-1 - Shutdown completed.
[INFO ] 2022-08-23 03:50:08.252 :              o.h.v.i.u.Version - HV000001: Hibernate Validator 6.2.4.Final
[INFO ] 2022-08-23 03:50:08.255 :     c.w.b.ByteCloneApplication - Starting ByteCloneApplication using Java 11.0.14 on LAPTOP-17DOA69Q with PID 16376 (C:\Users\Junior Koo\Desktop\sparta\7주차\ByteClone-BE\out\production\classes started by Junior Koo in C:\Users\Junior Koo\Desktop\sparta\7주차\ByteClone-BE)
[INFO ] 2022-08-23 03:50:08.262 :     c.w.b.ByteCloneApplication - No active profile set, falling back to 1 default profile: "default"
[INFO ] 2022-08-23 03:50:10.144 : o.s.d.r.c.RepositoryConfigurationDelegate - Bootstrapping Spring Data JPA repositories in DEFAULT mode.
[INFO ] 2022-08-23 03:50:10.281 : o.s.d.r.c.RepositoryConfigurationDelegate - Finished Spring Data repository scanning in 120 ms. Found 2 JPA repository interfaces.
[INFO ] 2022-08-23 03:50:10.700 : o.s.c.s.PostProcessorRegistrationDelegate$BeanPostProcessorChecker - Bean 'credentialsProvider' of type [com.amazonaws.auth.AWSCredentialsProviderChain] is not eligible for getting processed by all BeanPostProcessors (for example: not eligible for auto-proxying)
[INFO ] 2022-08-23 03:50:11.183 :    o.s.b.w.e.t.TomcatWebServer - Tomcat initialized with port(s): 8080 (http)
[INFO ] 2022-08-23 03:50:11.197 :      o.a.c.h.Http11NioProtocol - Initializing ProtocolHandler ["http-nio-8080"]
[INFO ] 2022-08-23 03:50:11.198 :        o.a.c.c.StandardService - Starting service [Tomcat]
[INFO ] 2022-08-23 03:50:11.198 :         o.a.c.c.StandardEngine - Starting Servlet engine: [Apache Tomcat/9.0.65]
[INFO ] 2022-08-23 03:50:11.379 :              o.a.c.c.C.[.[.[/] - Initializing Spring embedded WebApplicationContext
[INFO ] 2022-08-23 03:50:11.379 : o.s.b.w.s.c.ServletWebServerApplicationContext - Root WebApplicationContext: initialization completed in 2991 ms
[INFO ] 2022-08-23 03:50:11.421 :         c.z.h.HikariDataSource - HikariPool-1 - Starting...
[INFO ] 2022-08-23 03:50:11.801 :         c.z.h.HikariDataSource - HikariPool-1 - Start completed.
[INFO ] 2022-08-23 03:50:11.816 : o.s.b.a.h.H2ConsoleAutoConfiguration - H2 console available at '/h2-console'. Database available at 'jdbc:mysql://localhost:3306/news'
[INFO ] 2022-08-23 03:50:11.998 :            o.h.j.i.u.LogHelper - HHH000204: Processing PersistenceUnitInfo [name: default]
[INFO ] 2022-08-23 03:50:12.072 :                    o.h.Version - HHH000412: Hibernate ORM core version 5.6.10.Final
[INFO ] 2022-08-23 03:50:12.294 :                o.h.a.c.Version - HCANN000001: Hibernate Commons Annotations {5.1.2.Final}
[INFO ] 2022-08-23 03:50:12.551 :                  o.h.d.Dialect - HHH000400: Using dialect: org.hibernate.dialect.MySQL8Dialect
[INFO ] 2022-08-23 03:50:13.602 : o.h.e.t.j.p.i.JtaPlatformInitiator - HHH000490: Using JtaPlatform implementation: [org.hibernate.engine.transaction.jta.platform.internal.NoJtaPlatform]
[INFO ] 2022-08-23 03:50:13.619 : o.s.o.j.LocalContainerEntityManagerFactoryBean - Initialized JPA EntityManagerFactory for persistence unit 'default'
[INFO ] 2022-08-23 03:50:15.271 : o.s.s.w.DefaultSecurityFilterChain - Will secure any request with [org.springframework.security.web.session.DisableEncodeUrlFilter@225fb75e, org.springframework.security.web.context.request.async.WebAsyncManagerIntegrationFilter@61d9dd15, org.springframework.security.web.context.SecurityContextPersistenceFilter@6c68f29c, org.springframework.security.web.header.HeaderWriterFilter@215f8d7, org.springframework.web.filter.CorsFilter@4936fbc6, org.springframework.security.web.authentication.logout.LogoutFilter@248ba4fc, com.whochucompany.byteclone.jwt.JwtAuthenticationFilter@b4c89b6, org.springframework.security.web.savedrequest.RequestCacheAwareFilter@47d7e4b6, org.springframework.security.web.servletapi.SecurityContextHolderAwareRequestFilter@623ed5ed, org.springframework.security.web.authentication.AnonymousAuthenticationFilter@54f62ac6, org.springframework.security.web.session.SessionManagementFilter@34a99d8, org.springframework.security.web.access.ExceptionTranslationFilter@325236f5, org.springframework.security.web.access.intercept.FilterSecurityInterceptor@442151d1]
[INFO ] 2022-08-23 03:50:15.281 : o.s.s.w.DefaultSecurityFilterChain - Will not secure Ant [pattern='/h2-console/**']
[INFO ] 2022-08-23 03:50:15.835 :      o.a.c.h.Http11NioProtocol - Starting ProtocolHandler ["http-nio-8080"]
[INFO ] 2022-08-23 03:50:15.870 :    o.s.b.w.e.t.TomcatWebServer - Tomcat started on port(s): 8080 (http) with context path ''
[INFO ] 2022-08-23 03:50:15.890 :     c.w.b.ByteCloneApplication - Started ByteCloneApplication in 8.842 seconds (JVM running for 14.446)
[INFO ] 2022-08-23 03:50:30.931 :              o.a.c.c.C.[.[.[/] - Initializing Spring DispatcherServlet 'dispatcherServlet'
[INFO ] 2022-08-23 03:50:30.932 :      o.s.w.s.DispatcherServlet - Initializing Servlet 'dispatcherServlet'
[INFO ] 2022-08-23 03:50:30.974 :      o.s.w.s.DispatcherServlet - Completed initialization in 6 ms
[INFO ] 2022-08-23 03:50:33.268 :      c.w.b.s.MemberServiceImpl - msg : koo님 회원가입이 성공
[INFO ] 2022-08-23 03:52:09.709 : o.s.o.j.LocalContainerEntityManagerFactoryBean - Closing JPA EntityManagerFactory for persistence unit 'default'
[INFO ] 2022-08-23 03:52:09.710 :         c.z.h.HikariDataSource - HikariPool-1 - Shutdown initiated...
[INFO ] 2022-08-23 03:52:09.727 :         c.z.h.HikariDataSource - HikariPool-1 - Shutdown completed.
[INFO ] 2022-08-23 03:55:37.190 :     c.w.b.ByteCloneApplication - Starting ByteCloneApplication using Java 11.0.14 on LAPTOP-17DOA69Q with PID 16340 (C:\Users\Junior Koo\Desktop\sparta\7주차\ByteClone-BE\out\production\classes started by Junior Koo in C:\Users\Junior Koo\Desktop\sparta\7주차\ByteClone-BE)
[INFO ] 2022-08-23 03:55:37.188 :              o.h.v.i.u.Version - HV000001: Hibernate Validator 6.2.4.Final
[INFO ] 2022-08-23 03:55:37.195 :     c.w.b.ByteCloneApplication - No active profile set, falling back to 1 default profile: "default"
[INFO ] 2022-08-23 03:55:38.479 : o.s.d.r.c.RepositoryConfigurationDelegate - Bootstrapping Spring Data JPA repositories in DEFAULT mode.
[INFO ] 2022-08-23 03:55:38.564 : o.s.d.r.c.RepositoryConfigurationDelegate - Finished Spring Data repository scanning in 72 ms. Found 2 JPA repository interfaces.
[INFO ] 2022-08-23 03:55:38.803 : o.s.c.s.PostProcessorRegistrationDelegate$BeanPostProcessorChecker - Bean 'credentialsProvider' of type [com.amazonaws.auth.AWSCredentialsProviderChain] is not eligible for getting processed by all BeanPostProcessors (for example: not eligible for auto-proxying)
[INFO ] 2022-08-23 03:55:39.154 :    o.s.b.w.e.t.TomcatWebServer - Tomcat initialized with port(s): 8080 (http)
[INFO ] 2022-08-23 03:55:39.166 :      o.a.c.h.Http11NioProtocol - Initializing ProtocolHandler ["http-nio-8080"]
[INFO ] 2022-08-23 03:55:39.167 :        o.a.c.c.StandardService - Starting service [Tomcat]
[INFO ] 2022-08-23 03:55:39.168 :         o.a.c.c.StandardEngine - Starting Servlet engine: [Apache Tomcat/9.0.65]
[INFO ] 2022-08-23 03:55:39.343 :              o.a.c.c.C.[.[.[/] - Initializing Spring embedded WebApplicationContext
[INFO ] 2022-08-23 03:55:39.344 : o.s.b.w.s.c.ServletWebServerApplicationContext - Root WebApplicationContext: initialization completed in 2061 ms
[INFO ] 2022-08-23 03:55:39.383 :         c.z.h.HikariDataSource - HikariPool-1 - Starting...
[INFO ] 2022-08-23 03:55:39.947 :         c.z.h.HikariDataSource - HikariPool-1 - Start completed.
[INFO ] 2022-08-23 03:55:39.966 : o.s.b.a.h.H2ConsoleAutoConfiguration - H2 console available at '/h2-console'. Database available at 'jdbc:mysql://localhost:3306/news'
[INFO ] 2022-08-23 03:55:40.239 :            o.h.j.i.u.LogHelper - HHH000204: Processing PersistenceUnitInfo [name: default]
[INFO ] 2022-08-23 03:55:40.337 :                    o.h.Version - HHH000412: Hibernate ORM core version 5.6.10.Final
[INFO ] 2022-08-23 03:55:40.654 :                o.h.a.c.Version - HCANN000001: Hibernate Commons Annotations {5.1.2.Final}
[INFO ] 2022-08-23 03:55:40.874 :                  o.h.d.Dialect - HHH000400: Using dialect: org.hibernate.dialect.MySQL8Dialect
[INFO ] 2022-08-23 03:55:42.482 : o.h.e.t.j.p.i.JtaPlatformInitiator - HHH000490: Using JtaPlatform implementation: [org.hibernate.engine.transaction.jta.platform.internal.NoJtaPlatform]
[INFO ] 2022-08-23 03:55:42.500 : o.s.o.j.LocalContainerEntityManagerFactoryBean - Initialized JPA EntityManagerFactory for persistence unit 'default'
[INFO ] 2022-08-23 03:55:44.485 : o.s.s.w.DefaultSecurityFilterChain - Will secure any request with [org.springframework.security.web.session.DisableEncodeUrlFilter@2446be5f, org.springframework.security.web.context.request.async.WebAsyncManagerIntegrationFilter@2d4f1ddd, org.springframework.security.web.context.SecurityContextPersistenceFilter@571903ff, org.springframework.security.web.header.HeaderWriterFilter@5b49b1df, org.springframework.web.filter.CorsFilter@5b4880b3, org.springframework.security.web.authentication.logout.LogoutFilter@66df362c, com.whochucompany.byteclone.jwt.JwtAuthenticationFilter@5ae67f05, org.springframework.security.web.savedrequest.RequestCacheAwareFilter@3f1e18b1, org.springframework.security.web.servletapi.SecurityContextHolderAwareRequestFilter@727de450, org.springframework.security.web.authentication.AnonymousAuthenticationFilter@4bc39640, org.springframework.security.web.session.SessionManagementFilter@1c24639e, org.springframework.security.web.access.ExceptionTranslationFilter@248ba4fc, org.springframework.security.web.access.intercept.FilterSecurityInterceptor@5f596a1a]
[INFO ] 2022-08-23 03:55:44.491 : o.s.s.w.DefaultSecurityFilterChain - Will not secure Ant [pattern='/h2-console/**']
[INFO ] 2022-08-23 03:55:45.107 :      o.a.c.h.Http11NioProtocol - Starting ProtocolHandler ["http-nio-8080"]
[INFO ] 2022-08-23 03:55:45.140 :    o.s.b.w.e.t.TomcatWebServer - Tomcat started on port(s): 8080 (http) with context path ''
[INFO ] 2022-08-23 03:55:45.160 :     c.w.b.ByteCloneApplication - Started ByteCloneApplication in 8.785 seconds (JVM running for 11.438)
[INFO ] 2022-08-23 03:55:52.693 :              o.a.c.c.C.[.[.[/] - Initializing Spring DispatcherServlet 'dispatcherServlet'
[INFO ] 2022-08-23 03:55:52.696 :      o.s.w.s.DispatcherServlet - Initializing Servlet 'dispatcherServlet'
[INFO ] 2022-08-23 03:55:52.702 :      o.s.w.s.DispatcherServlet - Completed initialization in 4 ms
[INFO ] 2022-08-23 03:55:56.166 :      c.w.b.s.MemberServiceImpl - msg : koo님 회원가입이 성공
[INFO ] 2022-08-23 04:04:23.313 : o.s.o.j.LocalContainerEntityManagerFactoryBean - Closing JPA EntityManagerFactory for persistence unit 'default'
[INFO ] 2022-08-23 04:04:23.315 :         c.z.h.HikariDataSource - HikariPool-1 - Shutdown initiated...
[INFO ] 2022-08-23 04:04:23.329 :         c.z.h.HikariDataSource - HikariPool-1 - Shutdown completed.
[INFO ] 2022-08-23 04:05:10.800 :              o.h.v.i.u.Version - HV000001: Hibernate Validator 6.2.4.Final
[INFO ] 2022-08-23 04:05:10.802 :     c.w.b.ByteCloneApplication - Starting ByteCloneApplication using Java 11.0.14 on LAPTOP-17DOA69Q with PID 5716 (C:\Users\Junior Koo\Desktop\sparta\7주차\ByteClone-BE\out\production\classes started by Junior Koo in C:\Users\Junior Koo\Desktop\sparta\7주차\ByteClone-BE)
[INFO ] 2022-08-23 04:05:10.811 :     c.w.b.ByteCloneApplication - No active profile set, falling back to 1 default profile: "default"
[INFO ] 2022-08-23 04:05:13.037 : o.s.d.r.c.RepositoryConfigurationDelegate - Bootstrapping Spring Data JPA repositories in DEFAULT mode.
[INFO ] 2022-08-23 04:05:13.193 : o.s.d.r.c.RepositoryConfigurationDelegate - Finished Spring Data repository scanning in 135 ms. Found 2 JPA repository interfaces.
[INFO ] 2022-08-23 04:05:13.673 : o.s.c.s.PostProcessorRegistrationDelegate$BeanPostProcessorChecker - Bean 'credentialsProvider' of type [com.amazonaws.auth.AWSCredentialsProviderChain] is not eligible for getting processed by all BeanPostProcessors (for example: not eligible for auto-proxying)
[INFO ] 2022-08-23 04:05:14.289 :    o.s.b.w.e.t.TomcatWebServer - Tomcat initialized with port(s): 8080 (http)
[INFO ] 2022-08-23 04:05:14.308 :      o.a.c.h.Http11NioProtocol - Initializing ProtocolHandler ["http-nio-8080"]
[INFO ] 2022-08-23 04:05:14.311 :        o.a.c.c.StandardService - Starting service [Tomcat]
[INFO ] 2022-08-23 04:05:14.311 :         o.a.c.c.StandardEngine - Starting Servlet engine: [Apache Tomcat/9.0.65]
[INFO ] 2022-08-23 04:05:14.590 :              o.a.c.c.C.[.[.[/] - Initializing Spring embedded WebApplicationContext
[INFO ] 2022-08-23 04:05:14.591 : o.s.b.w.s.c.ServletWebServerApplicationContext - Root WebApplicationContext: initialization completed in 3627 ms
[INFO ] 2022-08-23 04:05:14.637 :         c.z.h.HikariDataSource - HikariPool-1 - Starting...
[INFO ] 2022-08-23 04:05:15.106 :         c.z.h.HikariDataSource - HikariPool-1 - Start completed.
[INFO ] 2022-08-23 04:05:15.118 : o.s.b.a.h.H2ConsoleAutoConfiguration - H2 console available at '/h2-console'. Database available at 'jdbc:mysql://localhost:3306/news'
[INFO ] 2022-08-23 04:05:15.282 :            o.h.j.i.u.LogHelper - HHH000204: Processing PersistenceUnitInfo [name: default]
[INFO ] 2022-08-23 04:05:15.370 :                    o.h.Version - HHH000412: Hibernate ORM core version 5.6.10.Final
[INFO ] 2022-08-23 04:05:15.608 :                o.h.a.c.Version - HCANN000001: Hibernate Commons Annotations {5.1.2.Final}
[INFO ] 2022-08-23 04:05:15.826 :                  o.h.d.Dialect - HHH000400: Using dialect: org.hibernate.dialect.MySQL8Dialect
[INFO ] 2022-08-23 04:05:17.187 : o.h.e.t.j.p.i.JtaPlatformInitiator - HHH000490: Using JtaPlatform implementation: [org.hibernate.engine.transaction.jta.platform.internal.NoJtaPlatform]
[INFO ] 2022-08-23 04:05:17.200 : o.s.o.j.LocalContainerEntityManagerFactoryBean - Initialized JPA EntityManagerFactory for persistence unit 'default'
[INFO ] 2022-08-23 04:05:18.649 : o.s.s.w.DefaultSecurityFilterChain - Will secure any request with [org.springframework.security.web.session.DisableEncodeUrlFilter@291522f1, org.springframework.security.web.context.request.async.WebAsyncManagerIntegrationFilter@85eba52, org.springframework.security.web.context.SecurityContextPersistenceFilter@11fa11b2, org.springframework.security.web.header.HeaderWriterFilter@6f9999f6, org.springframework.web.filter.CorsFilter@1a34f8e2, org.springframework.security.web.authentication.logout.LogoutFilter@2b6ff016, com.whochucompany.byteclone.jwt.JwtAuthenticationFilter@222a7429, org.springframework.security.web.savedrequest.RequestCacheAwareFilter@4c678a1f, org.springframework.security.web.servletapi.SecurityContextHolderAwareRequestFilter@217009bd, org.springframework.security.web.authentication.AnonymousAuthenticationFilter@22a8c837, org.springframework.security.web.session.SessionManagementFilter@68ea1eb5, org.springframework.security.web.access.ExceptionTranslationFilter@2305aad0, org.springframework.security.web.access.intercept.FilterSecurityInterceptor@4936fbc6]
[INFO ] 2022-08-23 04:05:18.653 : o.s.s.w.DefaultSecurityFilterChain - Will not secure Ant [pattern='/h2-console/**']
[INFO ] 2022-08-23 04:05:19.121 :      o.a.c.h.Http11NioProtocol - Starting ProtocolHandler ["http-nio-8080"]
[INFO ] 2022-08-23 04:05:19.146 :    o.s.b.w.e.t.TomcatWebServer - Tomcat started on port(s): 8080 (http) with context path ''
[INFO ] 2022-08-23 04:05:19.160 :     c.w.b.ByteCloneApplication - Started ByteCloneApplication in 9.641 seconds (JVM running for 14.293)
[INFO ] 2022-08-23 04:05:26.450 :              o.a.c.c.C.[.[.[/] - Initializing Spring DispatcherServlet 'dispatcherServlet'
[INFO ] 2022-08-23 04:05:26.451 :      o.s.w.s.DispatcherServlet - Initializing Servlet 'dispatcherServlet'
[INFO ] 2022-08-23 04:05:26.456 :      o.s.w.s.DispatcherServlet - Completed initialization in 4 ms
[INFO ] 2022-08-23 04:05:28.746 :      c.w.b.s.MemberServiceImpl - msg : koo님 회원가입이 성공
[INFO ] 2022-08-23 04:16:28.532 : o.s.o.j.LocalContainerEntityManagerFactoryBean - Closing JPA EntityManagerFactory for persistence unit 'default'
[INFO ] 2022-08-23 04:16:28.578 :         c.z.h.HikariDataSource - HikariPool-1 - Shutdown initiated...
[INFO ] 2022-08-23 04:16:28.693 :         c.z.h.HikariDataSource - HikariPool-1 - Shutdown completed.
[INFO ] 2022-08-23 04:17:05.850 :              o.h.v.i.u.Version - HV000001: Hibernate Validator 6.2.4.Final
[INFO ] 2022-08-23 04:17:05.854 :     c.w.b.ByteCloneApplication - Starting ByteCloneApplication using Java 11.0.14 on LAPTOP-17DOA69Q with PID 12408 (C:\Users\Junior Koo\Desktop\sparta\7주차\ByteClone-BE\out\production\classes started by Junior Koo in C:\Users\Junior Koo\Desktop\sparta\7주차\ByteClone-BE)
[INFO ] 2022-08-23 04:17:05.858 :     c.w.b.ByteCloneApplication - No active profile set, falling back to 1 default profile: "default"
[INFO ] 2022-08-23 04:17:07.818 : o.s.d.r.c.RepositoryConfigurationDelegate - Bootstrapping Spring Data JPA repositories in DEFAULT mode.
[INFO ] 2022-08-23 04:17:08.025 : o.s.d.r.c.RepositoryConfigurationDelegate - Finished Spring Data repository scanning in 187 ms. Found 2 JPA repository interfaces.
[INFO ] 2022-08-23 04:17:08.573 : o.s.c.s.PostProcessorRegistrationDelegate$BeanPostProcessorChecker - Bean 'credentialsProvider' of type [com.amazonaws.auth.AWSCredentialsProviderChain] is not eligible for getting processed by all BeanPostProcessors (for example: not eligible for auto-proxying)
[INFO ] 2022-08-23 04:17:09.196 :    o.s.b.w.e.t.TomcatWebServer - Tomcat initialized with port(s): 8080 (http)
[INFO ] 2022-08-23 04:17:09.219 :      o.a.c.h.Http11NioProtocol - Initializing ProtocolHandler ["http-nio-8080"]
[INFO ] 2022-08-23 04:17:09.221 :        o.a.c.c.StandardService - Starting service [Tomcat]
[INFO ] 2022-08-23 04:17:09.222 :         o.a.c.c.StandardEngine - Starting Servlet engine: [Apache Tomcat/9.0.65]
[INFO ] 2022-08-23 04:17:09.522 :              o.a.c.c.C.[.[.[/] - Initializing Spring embedded WebApplicationContext
[INFO ] 2022-08-23 04:17:09.523 : o.s.b.w.s.c.ServletWebServerApplicationContext - Root WebApplicationContext: initialization completed in 3557 ms
[INFO ] 2022-08-23 04:17:09.568 :         c.z.h.HikariDataSource - HikariPool-1 - Starting...
[INFO ] 2022-08-23 04:17:10.407 :         c.z.h.HikariDataSource - HikariPool-1 - Start completed.
[INFO ] 2022-08-23 04:17:10.494 : o.s.b.a.h.H2ConsoleAutoConfiguration - H2 console available at '/h2-console'. Database available at 'jdbc:mysql://localhost:3306/news'
[INFO ] 2022-08-23 04:17:11.496 :            o.h.j.i.u.LogHelper - HHH000204: Processing PersistenceUnitInfo [name: default]
[INFO ] 2022-08-23 04:17:11.729 :                    o.h.Version - HHH000412: Hibernate ORM core version 5.6.10.Final
[INFO ] 2022-08-23 04:17:12.623 :                o.h.a.c.Version - HCANN000001: Hibernate Commons Annotations {5.1.2.Final}
[INFO ] 2022-08-23 04:17:13.373 :                  o.h.d.Dialect - HHH000400: Using dialect: org.hibernate.dialect.MySQL8Dialect
[INFO ] 2022-08-23 04:17:17.172 : o.h.e.t.j.p.i.JtaPlatformInitiator - HHH000490: Using JtaPlatform implementation: [org.hibernate.engine.transaction.jta.platform.internal.NoJtaPlatform]
[INFO ] 2022-08-23 04:17:17.197 : o.s.o.j.LocalContainerEntityManagerFactoryBean - Initialized JPA EntityManagerFactory for persistence unit 'default'
[INFO ] 2022-08-23 04:17:21.481 : o.s.s.w.DefaultSecurityFilterChain - Will secure any request with [org.springframework.security.web.session.DisableEncodeUrlFilter@4560eb15, org.springframework.security.web.context.request.async.WebAsyncManagerIntegrationFilter@225fb75e, org.springframework.security.web.context.SecurityContextPersistenceFilter@13e6c544, org.springframework.security.web.header.HeaderWriterFilter@21539796, org.springframework.web.filter.CorsFilter@61d9dd15, org.springframework.security.web.authentication.logout.LogoutFilter@6046fba0, com.whochucompany.byteclone.jwt.JwtAuthenticationFilter@4936fbc6, org.springframework.security.web.savedrequest.RequestCacheAwareFilter@3b3b2290, org.springframework.security.web.servletapi.SecurityContextHolderAwareRequestFilter@47d7e4b6, org.springframework.security.web.authentication.AnonymousAuthenticationFilter@b4c89b6, org.springframework.security.web.session.SessionManagementFilter@69d2c460, org.springframework.security.web.access.ExceptionTranslationFilter@206e5183, org.springframework.security.web.access.intercept.FilterSecurityInterceptor@7945986a]
[INFO ] 2022-08-23 04:17:21.521 : o.s.s.w.DefaultSecurityFilterChain - Will not secure Ant [pattern='/h2-console/**']
[INFO ] 2022-08-23 04:17:23.587 :      o.a.c.h.Http11NioProtocol - Starting ProtocolHandler ["http-nio-8080"]
[INFO ] 2022-08-23 04:17:23.664 :    o.s.b.w.e.t.TomcatWebServer - Tomcat started on port(s): 8080 (http) with context path ''
[INFO ] 2022-08-23 04:17:23.711 :     c.w.b.ByteCloneApplication - Started ByteCloneApplication in 19.137 seconds (JVM running for 23.076)
[INFO ] 2022-08-23 04:17:31.257 :              o.a.c.c.C.[.[.[/] - Initializing Spring DispatcherServlet 'dispatcherServlet'
[INFO ] 2022-08-23 04:17:31.258 :      o.s.w.s.DispatcherServlet - Initializing Servlet 'dispatcherServlet'
[INFO ] 2022-08-23 04:17:31.262 :      o.s.w.s.DispatcherServlet - Completed initialization in 3 ms
[INFO ] 2022-08-23 04:17:33.218 :      c.w.b.s.MemberServiceImpl - msg : koo님 회원가입이 성공
[INFO ] 2022-08-23 04:20:15.900 : o.s.o.j.LocalContainerEntityManagerFactoryBean - Closing JPA EntityManagerFactory for persistence unit 'default'
[INFO ] 2022-08-23 04:20:15.921 :         c.z.h.HikariDataSource - HikariPool-1 - Shutdown initiated...
[INFO ] 2022-08-23 04:20:15.988 :         c.z.h.HikariDataSource - HikariPool-1 - Shutdown completed.
[INFO ] 2022-08-23 04:20:54.976 :              o.h.v.i.u.Version - HV000001: Hibernate Validator 6.2.4.Final
[INFO ] 2022-08-23 04:20:54.972 :     c.w.b.ByteCloneApplication - Starting ByteCloneApplication using Java 11.0.14 on LAPTOP-17DOA69Q with PID 13896 (C:\Users\Junior Koo\Desktop\sparta\7주차\ByteClone-BE\out\production\classes started by Junior Koo in C:\Users\Junior Koo\Desktop\sparta\7주차\ByteClone-BE)
[INFO ] 2022-08-23 04:20:54.983 :     c.w.b.ByteCloneApplication - No active profile set, falling back to 1 default profile: "default"
[INFO ] 2022-08-23 04:20:56.790 : o.s.d.r.c.RepositoryConfigurationDelegate - Bootstrapping Spring Data JPA repositories in DEFAULT mode.
[INFO ] 2022-08-23 04:20:56.928 : o.s.d.r.c.RepositoryConfigurationDelegate - Finished Spring Data repository scanning in 123 ms. Found 2 JPA repository interfaces.
[INFO ] 2022-08-23 04:20:57.385 : o.s.c.s.PostProcessorRegistrationDelegate$BeanPostProcessorChecker - Bean 'credentialsProvider' of type [com.amazonaws.auth.AWSCredentialsProviderChain] is not eligible for getting processed by all BeanPostProcessors (for example: not eligible for auto-proxying)
[INFO ] 2022-08-23 04:20:57.951 :    o.s.b.w.e.t.TomcatWebServer - Tomcat initialized with port(s): 8080 (http)
[INFO ] 2022-08-23 04:20:57.962 :      o.a.c.h.Http11NioProtocol - Initializing ProtocolHandler ["http-nio-8080"]
[INFO ] 2022-08-23 04:20:57.963 :        o.a.c.c.StandardService - Starting service [Tomcat]
[INFO ] 2022-08-23 04:20:57.963 :         o.a.c.c.StandardEngine - Starting Servlet engine: [Apache Tomcat/9.0.65]
[INFO ] 2022-08-23 04:20:58.199 :              o.a.c.c.C.[.[.[/] - Initializing Spring embedded WebApplicationContext
[INFO ] 2022-08-23 04:20:58.199 : o.s.b.w.s.c.ServletWebServerApplicationContext - Root WebApplicationContext: initialization completed in 3089 ms
[INFO ] 2022-08-23 04:20:58.264 :         c.z.h.HikariDataSource - HikariPool-1 - Starting...
[INFO ] 2022-08-23 04:20:58.709 :         c.z.h.HikariDataSource - HikariPool-1 - Start completed.
[INFO ] 2022-08-23 04:20:58.729 : o.s.b.a.h.H2ConsoleAutoConfiguration - H2 console available at '/h2-console'. Database available at 'jdbc:mysql://localhost:3306/news'
[INFO ] 2022-08-23 04:20:58.937 :            o.h.j.i.u.LogHelper - HHH000204: Processing PersistenceUnitInfo [name: default]
[INFO ] 2022-08-23 04:20:59.017 :                    o.h.Version - HHH000412: Hibernate ORM core version 5.6.10.Final
[INFO ] 2022-08-23 04:20:59.277 :                o.h.a.c.Version - HCANN000001: Hibernate Commons Annotations {5.1.2.Final}
[INFO ] 2022-08-23 04:20:59.497 :                  o.h.d.Dialect - HHH000400: Using dialect: org.hibernate.dialect.MySQL8Dialect
[INFO ] 2022-08-23 04:21:00.764 : o.h.e.t.j.p.i.JtaPlatformInitiator - HHH000490: Using JtaPlatform implementation: [org.hibernate.engine.transaction.jta.platform.internal.NoJtaPlatform]
[INFO ] 2022-08-23 04:21:00.784 : o.s.o.j.LocalContainerEntityManagerFactoryBean - Initialized JPA EntityManagerFactory for persistence unit 'default'
[INFO ] 2022-08-23 04:21:02.336 : o.s.s.w.DefaultSecurityFilterChain - Will secure any request with [org.springframework.security.web.session.DisableEncodeUrlFilter@543c887, org.springframework.security.web.context.request.async.WebAsyncManagerIntegrationFilter@75f446df, org.springframework.security.web.context.SecurityContextPersistenceFilter@356ab368, org.springframework.security.web.header.HeaderWriterFilter@7827cdfc, org.springframework.web.filter.CorsFilter@3751baf6, org.springframework.security.web.authentication.logout.LogoutFilter@1e12fdcf, com.whochucompany.byteclone.jwt.JwtAuthenticationFilter@27e656e6, org.springframework.security.web.savedrequest.RequestCacheAwareFilter@c555e1e, org.springframework.security.web.servletapi.SecurityContextHolderAwareRequestFilter@64e247e, org.springframework.security.web.authentication.AnonymousAuthenticationFilter@3cfab56d, org.springframework.security.web.session.SessionManagementFilter@19d3f4fb, org.springframework.security.web.access.ExceptionTranslationFilter@5aefdb9e, org.springframework.security.web.access.intercept.FilterSecurityInterceptor@6672b0ea]
[INFO ] 2022-08-23 04:21:02.344 : o.s.s.w.DefaultSecurityFilterChain - Will not secure Ant [pattern='/h2-console/**']
[INFO ] 2022-08-23 04:21:02.990 :      o.a.c.h.Http11NioProtocol - Starting ProtocolHandler ["http-nio-8080"]
[INFO ] 2022-08-23 04:21:03.024 :    o.s.b.w.e.t.TomcatWebServer - Tomcat started on port(s): 8080 (http) with context path ''
[INFO ] 2022-08-23 04:21:03.050 :     c.w.b.ByteCloneApplication - Started ByteCloneApplication in 10.472 seconds (JVM running for 16.657)
[INFO ] 2022-08-23 04:21:10.914 :              o.a.c.c.C.[.[.[/] - Initializing Spring DispatcherServlet 'dispatcherServlet'
[INFO ] 2022-08-23 04:21:10.916 :      o.s.w.s.DispatcherServlet - Initializing Servlet 'dispatcherServlet'
[INFO ] 2022-08-23 04:21:10.925 :      o.s.w.s.DispatcherServlet - Completed initialization in 8 ms
[INFO ] 2022-08-23 04:21:13.593 :      c.w.b.s.MemberServiceImpl - msg : koo님 회원가입이 성공
[INFO ] 2022-08-23 04:34:47.940 : o.s.o.j.LocalContainerEntityManagerFactoryBean - Closing JPA EntityManagerFactory for persistence unit 'default'
[INFO ] 2022-08-23 04:34:47.968 :         c.z.h.HikariDataSource - HikariPool-1 - Shutdown initiated...
[INFO ] 2022-08-23 04:34:48.140 :         c.z.h.HikariDataSource - HikariPool-1 - Shutdown completed.
[INFO ] 2022-08-23 04:37:00.845 :              o.h.v.i.u.Version - HV000001: Hibernate Validator 6.2.4.Final
[INFO ] 2022-08-23 04:37:00.845 :     c.w.b.ByteCloneApplication - Starting ByteCloneApplication using Java 11.0.14 on LAPTOP-17DOA69Q with PID 6944 (C:\Users\Junior Koo\Desktop\sparta\7주차\ByteClone-BE\out\production\classes started by Junior Koo in C:\Users\Junior Koo\Desktop\sparta\7주차\ByteClone-BE)
[INFO ] 2022-08-23 04:37:00.864 :     c.w.b.ByteCloneApplication - No active profile set, falling back to 1 default profile: "default"
[INFO ] 2022-08-23 04:37:07.732 : o.s.d.r.c.RepositoryConfigurationDelegate - Bootstrapping Spring Data JPA repositories in DEFAULT mode.
[INFO ] 2022-08-23 04:37:08.687 : o.s.d.r.c.RepositoryConfigurationDelegate - Finished Spring Data repository scanning in 885 ms. Found 2 JPA repository interfaces.
[INFO ] 2022-08-23 04:37:11.198 : o.s.c.s.PostProcessorRegistrationDelegate$BeanPostProcessorChecker - Bean 'credentialsProvider' of type [com.amazonaws.auth.AWSCredentialsProviderChain] is not eligible for getting processed by all BeanPostProcessors (for example: not eligible for auto-proxying)
[INFO ] 2022-08-23 04:37:13.892 :    o.s.b.w.e.t.TomcatWebServer - Tomcat initialized with port(s): 8080 (http)
[INFO ] 2022-08-23 04:37:13.973 :      o.a.c.h.Http11NioProtocol - Initializing ProtocolHandler ["http-nio-8080"]
[INFO ] 2022-08-23 04:37:13.979 :        o.a.c.c.StandardService - Starting service [Tomcat]
[INFO ] 2022-08-23 04:37:13.980 :         o.a.c.c.StandardEngine - Starting Servlet engine: [Apache Tomcat/9.0.65]
[INFO ] 2022-08-23 04:37:15.042 :              o.a.c.c.C.[.[.[/] - Initializing Spring embedded WebApplicationContext
[INFO ] 2022-08-23 04:37:15.044 : o.s.b.w.s.c.ServletWebServerApplicationContext - Root WebApplicationContext: initialization completed in 13492 ms
[INFO ] 2022-08-23 04:37:15.228 :         c.z.h.HikariDataSource - HikariPool-1 - Starting...
[INFO ] 2022-08-23 04:37:17.325 :         c.z.h.HikariDataSource - HikariPool-1 - Start completed.
[INFO ] 2022-08-23 04:37:17.379 : o.s.b.a.h.H2ConsoleAutoConfiguration - H2 console available at '/h2-console'. Database available at 'jdbc:mysql://localhost:3306/news'
[INFO ] 2022-08-23 04:37:18.635 :            o.h.j.i.u.LogHelper - HHH000204: Processing PersistenceUnitInfo [name: default]
[INFO ] 2022-08-23 04:37:18.875 :                    o.h.Version - HHH000412: Hibernate ORM core version 5.6.10.Final
[INFO ] 2022-08-23 04:37:19.558 :                o.h.a.c.Version - HCANN000001: Hibernate Commons Annotations {5.1.2.Final}
[INFO ] 2022-08-23 04:37:20.159 :                  o.h.d.Dialect - HHH000400: Using dialect: org.hibernate.dialect.MySQL8Dialect
[INFO ] 2022-08-23 04:37:25.396 : o.h.e.t.j.p.i.JtaPlatformInitiator - HHH000490: Using JtaPlatform implementation: [org.hibernate.engine.transaction.jta.platform.internal.NoJtaPlatform]
[INFO ] 2022-08-23 04:37:25.442 : o.s.o.j.LocalContainerEntityManagerFactoryBean - Initialized JPA EntityManagerFactory for persistence unit 'default'
[INFO ] 2022-08-23 04:37:31.680 : o.s.s.w.DefaultSecurityFilterChain - Will secure any request with [org.springframework.security.web.session.DisableEncodeUrlFilter@c3c63c1, org.springframework.security.web.context.request.async.WebAsyncManagerIntegrationFilter@5e75cf7a, org.springframework.security.web.context.SecurityContextPersistenceFilter@4a0f4282, org.springframework.security.web.header.HeaderWriterFilter@5aefdb9e, org.springframework.web.filter.CorsFilter@6f12fca0, org.springframework.security.web.authentication.logout.LogoutFilter@50d6af87, com.whochucompany.byteclone.jwt.JwtAuthenticationFilter@12c30824, org.springframework.security.web.savedrequest.RequestCacheAwareFilter@43cf97a8, org.springframework.security.web.servletapi.SecurityContextHolderAwareRequestFilter@5c1ea00, org.springframework.security.web.authentication.AnonymousAuthenticationFilter@7d0e43d6, org.springframework.security.web.session.SessionManagementFilter@80b6098, org.springframework.security.web.access.ExceptionTranslationFilter@118c1faa, org.springframework.security.web.access.intercept.FilterSecurityInterceptor@3751baf6]
[INFO ] 2022-08-23 04:37:31.717 : o.s.s.w.DefaultSecurityFilterChain - Will not secure Ant [pattern='/h2-console/**']
[INFO ] 2022-08-23 04:37:33.626 :      o.a.c.h.Http11NioProtocol - Starting ProtocolHandler ["http-nio-8080"]
[INFO ] 2022-08-23 04:37:33.725 :    o.s.b.w.e.t.TomcatWebServer - Tomcat started on port(s): 8080 (http) with context path ''
[INFO ] 2022-08-23 04:37:33.763 :     c.w.b.ByteCloneApplication - Started ByteCloneApplication in 36.585 seconds (JVM running for 47.609)
[INFO ] 2022-08-23 04:37:37.645 :              o.a.c.c.C.[.[.[/] - Initializing Spring DispatcherServlet 'dispatcherServlet'
[INFO ] 2022-08-23 04:37:37.647 :      o.s.w.s.DispatcherServlet - Initializing Servlet 'dispatcherServlet'
[INFO ] 2022-08-23 04:37:37.654 :      o.s.w.s.DispatcherServlet - Completed initialization in 7 ms
[INFO ] 2022-08-23 04:37:39.252 :      c.w.b.s.MemberServiceImpl - msg : koo님 회원가입이 성공
[INFO ] 2022-08-23 04:57:49.371 : o.s.o.j.LocalContainerEntityManagerFactoryBean - Closing JPA EntityManagerFactory for persistence unit 'default'
[INFO ] 2022-08-23 04:57:49.376 :         c.z.h.HikariDataSource - HikariPool-1 - Shutdown initiated...
[INFO ] 2022-08-23 04:57:49.928 :         c.z.h.HikariDataSource - HikariPool-1 - Shutdown completed.
[INFO ] 2022-08-23 05:02:26.649 :              o.h.v.i.u.Version - HV000001: Hibernate Validator 6.2.4.Final
[INFO ] 2022-08-23 05:02:26.654 :     c.w.b.ByteCloneApplication - Starting ByteCloneApplication using Java 11.0.14 on LAPTOP-17DOA69Q with PID 9948 (C:\Users\Junior Koo\Desktop\sparta\7주차\ByteClone-BE\out\production\classes started by Junior Koo in C:\Users\Junior Koo\Desktop\sparta\7주차\ByteClone-BE)
[INFO ] 2022-08-23 05:02:26.660 :     c.w.b.ByteCloneApplication - No active profile set, falling back to 1 default profile: "default"
[INFO ] 2022-08-23 05:02:28.997 : o.s.d.r.c.RepositoryConfigurationDelegate - Bootstrapping Spring Data JPA repositories in DEFAULT mode.
[INFO ] 2022-08-23 05:02:29.143 : o.s.d.r.c.RepositoryConfigurationDelegate - Finished Spring Data repository scanning in 130 ms. Found 2 JPA repository interfaces.
[INFO ] 2022-08-23 05:02:29.584 : o.s.c.s.PostProcessorRegistrationDelegate$BeanPostProcessorChecker - Bean 'credentialsProvider' of type [com.amazonaws.auth.AWSCredentialsProviderChain] is not eligible for getting processed by all BeanPostProcessors (for example: not eligible for auto-proxying)
[INFO ] 2022-08-23 05:02:30.200 :    o.s.b.w.e.t.TomcatWebServer - Tomcat initialized with port(s): 8080 (http)
[INFO ] 2022-08-23 05:02:30.218 :      o.a.c.h.Http11NioProtocol - Initializing ProtocolHandler ["http-nio-8080"]
[INFO ] 2022-08-23 05:02:30.219 :        o.a.c.c.StandardService - Starting service [Tomcat]
[INFO ] 2022-08-23 05:02:30.220 :         o.a.c.c.StandardEngine - Starting Servlet engine: [Apache Tomcat/9.0.65]
[INFO ] 2022-08-23 05:02:30.512 :              o.a.c.c.C.[.[.[/] - Initializing Spring embedded WebApplicationContext
[INFO ] 2022-08-23 05:02:30.513 : o.s.b.w.s.c.ServletWebServerApplicationContext - Root WebApplicationContext: initialization completed in 3718 ms
[INFO ] 2022-08-23 05:02:30.579 :         c.z.h.HikariDataSource - HikariPool-1 - Starting...
[INFO ] 2022-08-23 05:02:31.055 :         c.z.h.HikariDataSource - HikariPool-1 - Start completed.
[INFO ] 2022-08-23 05:02:31.072 : o.s.b.a.h.H2ConsoleAutoConfiguration - H2 console available at '/h2-console'. Database available at 'jdbc:mysql://localhost:3306/news'
[INFO ] 2022-08-23 05:02:31.296 :            o.h.j.i.u.LogHelper - HHH000204: Processing PersistenceUnitInfo [name: default]
[INFO ] 2022-08-23 05:02:31.389 :                    o.h.Version - HHH000412: Hibernate ORM core version 5.6.10.Final
[INFO ] 2022-08-23 05:02:31.688 :                o.h.a.c.Version - HCANN000001: Hibernate Commons Annotations {5.1.2.Final}
[INFO ] 2022-08-23 05:02:31.977 :                  o.h.d.Dialect - HHH000400: Using dialect: org.hibernate.dialect.MySQL8Dialect
[INFO ] 2022-08-23 05:02:33.424 : o.h.e.t.j.p.i.JtaPlatformInitiator - HHH000490: Using JtaPlatform implementation: [org.hibernate.engine.transaction.jta.platform.internal.NoJtaPlatform]
[INFO ] 2022-08-23 05:02:33.440 : o.s.o.j.LocalContainerEntityManagerFactoryBean - Initialized JPA EntityManagerFactory for persistence unit 'default'
[INFO ] 2022-08-23 05:02:35.320 : o.s.s.w.DefaultSecurityFilterChain - Will secure any request with [org.springframework.security.web.session.DisableEncodeUrlFilter@77604a86, org.springframework.security.web.context.request.async.WebAsyncManagerIntegrationFilter@63fde7ca, org.springframework.security.web.context.SecurityContextPersistenceFilter@229c4d34, org.springframework.security.web.header.HeaderWriterFilter@217009bd, org.springframework.web.filter.CorsFilter@3a6409ec, org.springframework.security.web.authentication.logout.LogoutFilter@43cf97a8, com.whochucompany.byteclone.jwt.JwtAuthenticationFilter@4779df3d, org.springframework.security.web.savedrequest.RequestCacheAwareFilter@689eab53, org.springframework.security.web.servletapi.SecurityContextHolderAwareRequestFilter@1c24639e, org.springframework.security.web.authentication.AnonymousAuthenticationFilter@32b8992e, org.springframework.security.web.session.SessionManagementFilter@248ba4fc, org.springframework.security.web.access.ExceptionTranslationFilter@d7c00de, org.springframework.security.web.access.intercept.FilterSecurityInterceptor@40ef1934]
[INFO ] 2022-08-23 05:02:35.328 : o.s.s.w.DefaultSecurityFilterChain - Will not secure Ant [pattern='/h2-console/**']
[INFO ] 2022-08-23 05:02:35.969 :      o.a.c.h.Http11NioProtocol - Starting ProtocolHandler ["http-nio-8080"]
[INFO ] 2022-08-23 05:02:36.004 :    o.s.b.w.e.t.TomcatWebServer - Tomcat started on port(s): 8080 (http) with context path ''
[INFO ] 2022-08-23 05:02:36.023 :     c.w.b.ByteCloneApplication - Started ByteCloneApplication in 10.886 seconds (JVM running for 14.367)
[INFO ] 2022-08-23 05:03:13.491 :              o.a.c.c.C.[.[.[/] - Initializing Spring DispatcherServlet 'dispatcherServlet'
[INFO ] 2022-08-23 05:03:13.492 :      o.s.w.s.DispatcherServlet - Initializing Servlet 'dispatcherServlet'
[INFO ] 2022-08-23 05:03:13.493 :      o.s.w.s.DispatcherServlet - Completed initialization in 1 ms
[INFO ] 2022-08-23 05:03:14.174 :      c.w.b.s.MemberServiceImpl - msg : koo님 회원가입이 성공
[INFO ] 2022-08-23 05:06:55.954 : o.s.o.j.LocalContainerEntityManagerFactoryBean - Closing JPA EntityManagerFactory for persistence unit 'default'
[INFO ] 2022-08-23 05:06:55.956 :         c.z.h.HikariDataSource - HikariPool-1 - Shutdown initiated...
[INFO ] 2022-08-23 05:06:55.972 :         c.z.h.HikariDataSource - HikariPool-1 - Shutdown completed.
[INFO ] 2022-08-23 05:07:11.446 :              o.h.v.i.u.Version - HV000001: Hibernate Validator 6.2.4.Final
[INFO ] 2022-08-23 05:07:11.448 :     c.w.b.ByteCloneApplication - Starting ByteCloneApplication using Java 11.0.14 on LAPTOP-17DOA69Q with PID 11668 (C:\Users\Junior Koo\Desktop\sparta\7주차\ByteClone-BE\out\production\classes started by Junior Koo in C:\Users\Junior Koo\Desktop\sparta\7주차\ByteClone-BE)
[INFO ] 2022-08-23 05:07:11.456 :     c.w.b.ByteCloneApplication - No active profile set, falling back to 1 default profile: "default"
[INFO ] 2022-08-23 05:07:13.729 : o.s.d.r.c.RepositoryConfigurationDelegate - Bootstrapping Spring Data JPA repositories in DEFAULT mode.
[INFO ] 2022-08-23 05:07:13.887 : o.s.d.r.c.RepositoryConfigurationDelegate - Finished Spring Data repository scanning in 142 ms. Found 2 JPA repository interfaces.
[INFO ] 2022-08-23 05:07:14.388 : o.s.c.s.PostProcessorRegistrationDelegate$BeanPostProcessorChecker - Bean 'credentialsProvider' of type [com.amazonaws.auth.AWSCredentialsProviderChain] is not eligible for getting processed by all BeanPostProcessors (for example: not eligible for auto-proxying)
[INFO ] 2022-08-23 05:07:14.992 :    o.s.b.w.e.t.TomcatWebServer - Tomcat initialized with port(s): 8080 (http)
[INFO ] 2022-08-23 05:07:15.008 :      o.a.c.h.Http11NioProtocol - Initializing ProtocolHandler ["http-nio-8080"]
[INFO ] 2022-08-23 05:07:15.009 :        o.a.c.c.StandardService - Starting service [Tomcat]
[INFO ] 2022-08-23 05:07:15.009 :         o.a.c.c.StandardEngine - Starting Servlet engine: [Apache Tomcat/9.0.65]
[INFO ] 2022-08-23 05:07:15.304 :              o.a.c.c.C.[.[.[/] - Initializing Spring embedded WebApplicationContext
[INFO ] 2022-08-23 05:07:15.304 : o.s.b.w.s.c.ServletWebServerApplicationContext - Root WebApplicationContext: initialization completed in 3706 ms
[INFO ] 2022-08-23 05:07:15.354 :         c.z.h.HikariDataSource - HikariPool-1 - Starting...
[INFO ] 2022-08-23 05:07:15.979 :         c.z.h.HikariDataSource - HikariPool-1 - Start completed.
[INFO ] 2022-08-23 05:07:15.999 : o.s.b.a.h.H2ConsoleAutoConfiguration - H2 console available at '/h2-console'. Database available at 'jdbc:mysql://localhost:3306/news'
[INFO ] 2022-08-23 05:07:16.270 :            o.h.j.i.u.LogHelper - HHH000204: Processing PersistenceUnitInfo [name: default]
[INFO ] 2022-08-23 05:07:16.355 :                    o.h.Version - HHH000412: Hibernate ORM core version 5.6.10.Final
[INFO ] 2022-08-23 05:07:16.639 :                o.h.a.c.Version - HCANN000001: Hibernate Commons Annotations {5.1.2.Final}
[INFO ] 2022-08-23 05:07:16.856 :                  o.h.d.Dialect - HHH000400: Using dialect: org.hibernate.dialect.MySQL8Dialect
[INFO ] 2022-08-23 05:07:18.061 : o.h.e.t.j.p.i.JtaPlatformInitiator - HHH000490: Using JtaPlatform implementation: [org.hibernate.engine.transaction.jta.platform.internal.NoJtaPlatform]
[INFO ] 2022-08-23 05:07:18.072 : o.s.o.j.LocalContainerEntityManagerFactoryBean - Initialized JPA EntityManagerFactory for persistence unit 'default'
[INFO ] 2022-08-23 05:07:19.567 : o.s.s.w.DefaultSecurityFilterChain - Will secure any request with [org.springframework.security.web.session.DisableEncodeUrlFilter@4779df3d, org.springframework.security.web.context.request.async.WebAsyncManagerIntegrationFilter@32b8992e, org.springframework.security.web.context.SecurityContextPersistenceFilter@1c24639e, org.springframework.security.web.header.HeaderWriterFilter@54cce500, org.springframework.web.filter.CorsFilter@3ef7fb04, org.springframework.security.web.authentication.logout.LogoutFilter@3398ed12, com.whochucompany.byteclone.jwt.JwtAuthenticationFilter@2446be5f, org.springframework.security.web.savedrequest.RequestCacheAwareFilter@4ac0fdc7, org.springframework.security.web.servletapi.SecurityContextHolderAwareRequestFilter@571903ff, org.springframework.security.web.authentication.AnonymousAuthenticationFilter@2d4f1ddd, org.springframework.security.web.session.SessionManagementFilter@229c4d34, org.springframework.security.web.access.ExceptionTranslationFilter@4c678a1f, org.springframework.security.web.access.intercept.FilterSecurityInterceptor@1a34f8e2]
[INFO ] 2022-08-23 05:07:19.570 : o.s.s.w.DefaultSecurityFilterChain - Will not secure Ant [pattern='/h2-console/**']
[INFO ] 2022-08-23 05:07:20.075 :      o.a.c.h.Http11NioProtocol - Starting ProtocolHandler ["http-nio-8080"]
[INFO ] 2022-08-23 05:07:20.116 :    o.s.b.w.e.t.TomcatWebServer - Tomcat started on port(s): 8080 (http) with context path ''
[INFO ] 2022-08-23 05:07:20.139 :     c.w.b.ByteCloneApplication - Started ByteCloneApplication in 10.511 seconds (JVM running for 13.897)
[INFO ] 2022-08-23 05:07:25.708 :              o.a.c.c.C.[.[.[/] - Initializing Spring DispatcherServlet 'dispatcherServlet'
[INFO ] 2022-08-23 05:07:25.709 :      o.s.w.s.DispatcherServlet - Initializing Servlet 'dispatcherServlet'
[INFO ] 2022-08-23 05:07:25.711 :      o.s.w.s.DispatcherServlet - Completed initialization in 2 ms
[INFO ] 2022-08-23 05:07:26.388 :      c.w.b.s.MemberServiceImpl - msg : koo님 회원가입이 성공
[INFO ] 2022-08-23 05:09:12.763 : o.s.o.j.LocalContainerEntityManagerFactoryBean - Closing JPA EntityManagerFactory for persistence unit 'default'
[INFO ] 2022-08-23 05:09:12.765 :         c.z.h.HikariDataSource - HikariPool-1 - Shutdown initiated...
[INFO ] 2022-08-23 05:09:12.780 :         c.z.h.HikariDataSource - HikariPool-1 - Shutdown completed.
[INFO ] 2022-08-23 05:09:35.572 :              o.h.v.i.u.Version - HV000001: Hibernate Validator 6.2.4.Final
[INFO ] 2022-08-23 05:09:35.580 :     c.w.b.ByteCloneApplication - Starting ByteCloneApplication using Java 11.0.14 on LAPTOP-17DOA69Q with PID 12592 (C:\Users\Junior Koo\Desktop\sparta\7주차\ByteClone-BE\out\production\classes started by Junior Koo in C:\Users\Junior Koo\Desktop\sparta\7주차\ByteClone-BE)
[INFO ] 2022-08-23 05:09:35.584 :     c.w.b.ByteCloneApplication - No active profile set, falling back to 1 default profile: "default"
[INFO ] 2022-08-23 05:09:37.895 : o.s.d.r.c.RepositoryConfigurationDelegate - Bootstrapping Spring Data JPA repositories in DEFAULT mode.
[INFO ] 2022-08-23 05:09:38.052 : o.s.d.r.c.RepositoryConfigurationDelegate - Finished Spring Data repository scanning in 139 ms. Found 2 JPA repository interfaces.
[INFO ] 2022-08-23 05:09:38.566 : o.s.c.s.PostProcessorRegistrationDelegate$BeanPostProcessorChecker - Bean 'credentialsProvider' of type [com.amazonaws.auth.AWSCredentialsProviderChain] is not eligible for getting processed by all BeanPostProcessors (for example: not eligible for auto-proxying)
[INFO ] 2022-08-23 05:09:39.177 :    o.s.b.w.e.t.TomcatWebServer - Tomcat initialized with port(s): 8080 (http)
[INFO ] 2022-08-23 05:09:39.189 :      o.a.c.h.Http11NioProtocol - Initializing ProtocolHandler ["http-nio-8080"]
[INFO ] 2022-08-23 05:09:39.190 :        o.a.c.c.StandardService - Starting service [Tomcat]
[INFO ] 2022-08-23 05:09:39.190 :         o.a.c.c.StandardEngine - Starting Servlet engine: [Apache Tomcat/9.0.65]
[INFO ] 2022-08-23 05:09:39.356 :              o.a.c.c.C.[.[.[/] - Initializing Spring embedded WebApplicationContext
[INFO ] 2022-08-23 05:09:39.357 : o.s.b.w.s.c.ServletWebServerApplicationContext - Root WebApplicationContext: initialization completed in 3625 ms
[INFO ] 2022-08-23 05:09:39.397 :         c.z.h.HikariDataSource - HikariPool-1 - Starting...
[INFO ] 2022-08-23 05:09:39.865 :         c.z.h.HikariDataSource - HikariPool-1 - Start completed.
[INFO ] 2022-08-23 05:09:39.885 : o.s.b.a.h.H2ConsoleAutoConfiguration - H2 console available at '/h2-console'. Database available at 'jdbc:mysql://localhost:3306/news'
[INFO ] 2022-08-23 05:09:40.155 :            o.h.j.i.u.LogHelper - HHH000204: Processing PersistenceUnitInfo [name: default]
[INFO ] 2022-08-23 05:09:40.256 :                    o.h.Version - HHH000412: Hibernate ORM core version 5.6.10.Final
[INFO ] 2022-08-23 05:09:40.542 :                o.h.a.c.Version - HCANN000001: Hibernate Commons Annotations {5.1.2.Final}
[INFO ] 2022-08-23 05:09:40.785 :                  o.h.d.Dialect - HHH000400: Using dialect: org.hibernate.dialect.MySQL8Dialect
[INFO ] 2022-08-23 05:09:42.259 : o.h.e.t.j.p.i.JtaPlatformInitiator - HHH000490: Using JtaPlatform implementation: [org.hibernate.engine.transaction.jta.platform.internal.NoJtaPlatform]
[INFO ] 2022-08-23 05:09:42.279 : o.s.o.j.LocalContainerEntityManagerFactoryBean - Initialized JPA EntityManagerFactory for persistence unit 'default'
[INFO ] 2022-08-23 05:09:43.833 : o.s.s.w.DefaultSecurityFilterChain - Will secure any request with [org.springframework.security.web.session.DisableEncodeUrlFilter@d863bb, org.springframework.security.web.context.request.async.WebAsyncManagerIntegrationFilter@76ebd595, org.springframework.security.web.context.SecurityContextPersistenceFilter@34a99d8, org.springframework.security.web.header.HeaderWriterFilter@32eb38e5, org.springframework.web.filter.CorsFilter@4560eb15, org.springframework.security.web.authentication.logout.LogoutFilter@4c678a1f, com.whochucompany.byteclone.jwt.JwtAuthenticationFilter@225fb75e, org.springframework.security.web.savedrequest.RequestCacheAwareFilter@13e6c544, org.springframework.security.web.servletapi.SecurityContextHolderAwareRequestFilter@6c68f29c, org.springframework.security.web.authentication.AnonymousAuthenticationFilter@61d9dd15, org.springframework.security.web.session.SessionManagementFilter@21539796, org.springframework.security.web.access.ExceptionTranslationFilter@1372696b, org.springframework.security.web.access.intercept.FilterSecurityInterceptor@62158618]
[INFO ] 2022-08-23 05:09:43.850 : o.s.s.w.DefaultSecurityFilterChain - Will not secure Ant [pattern='/h2-console/**']
[INFO ] 2022-08-23 05:09:44.564 :      o.a.c.h.Http11NioProtocol - Starting ProtocolHandler ["http-nio-8080"]
[INFO ] 2022-08-23 05:09:44.607 :    o.s.b.w.e.t.TomcatWebServer - Tomcat started on port(s): 8080 (http) with context path ''
[INFO ] 2022-08-23 05:09:44.630 :     c.w.b.ByteCloneApplication - Started ByteCloneApplication in 10.673 seconds (JVM running for 14.386)
[INFO ] 2022-08-23 05:09:49.926 :              o.a.c.c.C.[.[.[/] - Initializing Spring DispatcherServlet 'dispatcherServlet'
[INFO ] 2022-08-23 05:09:49.927 :      o.s.w.s.DispatcherServlet - Initializing Servlet 'dispatcherServlet'
[INFO ] 2022-08-23 05:09:49.930 :      o.s.w.s.DispatcherServlet - Completed initialization in 2 ms
[INFO ] 2022-08-23 05:09:50.812 :      c.w.b.s.MemberServiceImpl - msg : koo님 회원가입이 성공
[INFO ] 2022-08-23 05:13:39.978 : o.s.o.j.LocalContainerEntityManagerFactoryBean - Closing JPA EntityManagerFactory for persistence unit 'default'
[INFO ] 2022-08-23 05:13:39.980 :         c.z.h.HikariDataSource - HikariPool-1 - Shutdown initiated...
[INFO ] 2022-08-23 05:13:39.996 :         c.z.h.HikariDataSource - HikariPool-1 - Shutdown completed.
[INFO ] 2022-08-23 05:13:51.572 :              o.h.v.i.u.Version - HV000001: Hibernate Validator 6.2.4.Final
[INFO ] 2022-08-23 05:13:51.573 :     c.w.b.ByteCloneApplication - Starting ByteCloneApplication using Java 11.0.14 on LAPTOP-17DOA69Q with PID 8084 (C:\Users\Junior Koo\Desktop\sparta\7주차\ByteClone-BE\out\production\classes started by Junior Koo in C:\Users\Junior Koo\Desktop\sparta\7주차\ByteClone-BE)
[INFO ] 2022-08-23 05:13:51.581 :     c.w.b.ByteCloneApplication - No active profile set, falling back to 1 default profile: "default"
[INFO ] 2022-08-23 05:13:52.774 : o.s.d.r.c.RepositoryConfigurationDelegate - Bootstrapping Spring Data JPA repositories in DEFAULT mode.
[INFO ] 2022-08-23 05:13:52.847 : o.s.d.r.c.RepositoryConfigurationDelegate - Finished Spring Data repository scanning in 63 ms. Found 2 JPA repository interfaces.
[INFO ] 2022-08-23 05:13:53.105 : o.s.c.s.PostProcessorRegistrationDelegate$BeanPostProcessorChecker - Bean 'credentialsProvider' of type [com.amazonaws.auth.AWSCredentialsProviderChain] is not eligible for getting processed by all BeanPostProcessors (for example: not eligible for auto-proxying)
[INFO ] 2022-08-23 05:13:53.440 :    o.s.b.w.e.t.TomcatWebServer - Tomcat initialized with port(s): 8080 (http)
[INFO ] 2022-08-23 05:13:53.449 :      o.a.c.h.Http11NioProtocol - Initializing ProtocolHandler ["http-nio-8080"]
[INFO ] 2022-08-23 05:13:53.450 :        o.a.c.c.StandardService - Starting service [Tomcat]
[INFO ] 2022-08-23 05:13:53.450 :         o.a.c.c.StandardEngine - Starting Servlet engine: [Apache Tomcat/9.0.65]
[INFO ] 2022-08-23 05:13:53.578 :              o.a.c.c.C.[.[.[/] - Initializing Spring embedded WebApplicationContext
[INFO ] 2022-08-23 05:13:53.578 : o.s.b.w.s.c.ServletWebServerApplicationContext - Root WebApplicationContext: initialization completed in 1897 ms
[INFO ] 2022-08-23 05:13:53.606 :         c.z.h.HikariDataSource - HikariPool-1 - Starting...
[INFO ] 2022-08-23 05:13:53.918 :         c.z.h.HikariDataSource - HikariPool-1 - Start completed.
[INFO ] 2022-08-23 05:13:53.929 : o.s.b.a.h.H2ConsoleAutoConfiguration - H2 console available at '/h2-console'. Database available at 'jdbc:mysql://localhost:3306/news'
[INFO ] 2022-08-23 05:13:54.083 :            o.h.j.i.u.LogHelper - HHH000204: Processing PersistenceUnitInfo [name: default]
[INFO ] 2022-08-23 05:13:54.151 :                    o.h.Version - HHH000412: Hibernate ORM core version 5.6.10.Final
[INFO ] 2022-08-23 05:13:54.374 :                o.h.a.c.Version - HCANN000001: Hibernate Commons Annotations {5.1.2.Final}
[INFO ] 2022-08-23 05:13:54.587 :                  o.h.d.Dialect - HHH000400: Using dialect: org.hibernate.dialect.MySQL8Dialect
[INFO ] 2022-08-23 05:13:55.450 : o.h.e.t.j.p.i.JtaPlatformInitiator - HHH000490: Using JtaPlatform implementation: [org.hibernate.engine.transaction.jta.platform.internal.NoJtaPlatform]
[INFO ] 2022-08-23 05:13:55.458 : o.s.o.j.LocalContainerEntityManagerFactoryBean - Initialized JPA EntityManagerFactory for persistence unit 'default'
[INFO ] 2022-08-23 05:13:56.489 : o.s.s.w.DefaultSecurityFilterChain - Will secure any request with [org.springframework.security.web.session.DisableEncodeUrlFilter@32b8992e, org.springframework.security.web.context.request.async.WebAsyncManagerIntegrationFilter@3ef7fb04, org.springframework.security.web.context.SecurityContextPersistenceFilter@68ea1eb5, org.springframework.security.web.header.HeaderWriterFilter@1c15a6aa, org.springframework.web.filter.CorsFilter@2446be5f, org.springframework.security.web.authentication.logout.LogoutFilter@118c1faa, com.whochucompany.byteclone.jwt.JwtAuthenticationFilter@2d4f1ddd, org.springframework.security.web.savedrequest.RequestCacheAwareFilter@d7c00de, org.springframework.security.web.servletapi.SecurityContextHolderAwareRequestFilter@11fa11b2, org.springframework.security.web.authentication.AnonymousAuthenticationFilter@5b4880b3, org.springframework.security.web.session.SessionManagementFilter@61c4fc34, org.springframework.security.web.access.ExceptionTranslationFilter@956cf3d, org.springframework.security.web.access.intercept.FilterSecurityInterceptor@222a7429]
[INFO ] 2022-08-23 05:13:56.499 : o.s.s.w.DefaultSecurityFilterChain - Will not secure Ant [pattern='/h2-console/**']
[INFO ] 2022-08-23 05:13:56.901 :      o.a.c.h.Http11NioProtocol - Starting ProtocolHandler ["http-nio-8080"]
[INFO ] 2022-08-23 05:13:56.924 :    o.s.b.w.e.t.TomcatWebServer - Tomcat started on port(s): 8080 (http) with context path ''
[INFO ] 2022-08-23 05:13:56.934 :     c.w.b.ByteCloneApplication - Started ByteCloneApplication in 6.324 seconds (JVM running for 8.247)
[INFO ] 2022-08-23 05:14:12.213 :              o.a.c.c.C.[.[.[/] - Initializing Spring DispatcherServlet 'dispatcherServlet'
[INFO ] 2022-08-23 05:14:12.215 :      o.s.w.s.DispatcherServlet - Initializing Servlet 'dispatcherServlet'
[INFO ] 2022-08-23 05:14:12.215 :      o.s.w.s.DispatcherServlet - Completed initialization in 0 ms
[INFO ] 2022-08-23 05:14:23.132 :      c.w.b.s.MemberServiceImpl - msg : koo님 회원가입이 성공
[INFO ] 2022-08-23 05:16:12.827 : o.s.o.j.LocalContainerEntityManagerFactoryBean - Closing JPA EntityManagerFactory for persistence unit 'default'
[INFO ] 2022-08-23 05:16:12.829 :         c.z.h.HikariDataSource - HikariPool-1 - Shutdown initiated...
[INFO ] 2022-08-23 05:16:12.842 :         c.z.h.HikariDataSource - HikariPool-1 - Shutdown completed.
